<?xml version="1.0" encoding="UTF-8"?>
<testsuite xmlns:xsi="http://www.w3.org/2001/XMLSchema-instance" xsi:noNamespaceSchemaLocation="https://maven.apache.org/surefire/maven-surefire-plugin/xsd/surefire-test-report-3.0.xsd" version="3.0" name="com.parallelJMH.ParallelPerformance.ParallelPerformanceApplicationTests" time="1.279" tests="1" errors="0" skipped="0" failures="0">
  <properties>
[...]
</properties>
  <testcase name="contextLoads" classname="com.parallelJMH.ParallelPerformance.ParallelPerformanceApplicationTests" time="0.459">
    <system-out><![CDATA[10:13:47.439 [main] INFO org.springframework.test.context.support.AnnotationConfigContextLoaderUtils -- Could not detect default configuration classes for test class [com.parallelJMH.ParallelPerformance.ParallelPerformanceApplicationTests]: ParallelPerformanceApplicationTests does not declare any static, non-private, non-final, nested classes annotated with @Configuration.
10:13:47.491 [main] INFO org.springframework.boot.test.context.SpringBootTestContextBootstrapper -- Found @SpringBootConfiguration com.parallelJMH.ParallelPerformance.ParallelPerformanceApplication for test class com.parallelJMH.ParallelPerformance.ParallelPerformanceApplicationTests
10:13:47.555 [main] INFO org.springframework.boot.devtools.restart.RestartApplicationListener -- Restart disabled due to context in which it is running

  .   ____          _            __ _ _
 /\\ / ___'_ __ _ _(_)_ __  __ _ \ \ \ \
( ( )\___ | '_ | '_| | '_ \/ _` | \ \ \ \
 \\/  ___)| |_)| | | | | || (_| |  ) ) ) )
  '  |____| .__|_| |_|_| |_\__, | / / / /
 =========|_|==============|___/=/_/_/_/

 :: Spring Boot ::                (v3.3.5)

2024-11-10T10:13:47.665-05:00  INFO 2606 --- [ParallelPerformance] [           main] .p.P.ParallelPerformanceApplicationTests : Starting ParallelPerformanceApplicationTests using Java 23 with PID 2606 (started by survive in /Users/survive/Downloads/ParallelPerformance)
2024-11-10T10:13:47.666-05:00  INFO 2606 --- [ParallelPerformance] [           main] .p.P.ParallelPerformanceApplicationTests : No active profile set, falling back to 1 default profile: "default"
2024-11-10T10:13:48.045-05:00  INFO 2606 --- [ParallelPerformance] [           main] o.s.b.a.w.s.WelcomePageHandlerMapping    : Adding welcome page: class path resource [static/index.html]
2024-11-10T10:13:48.135-05:00  WARN 2606 --- [ParallelPerformance] [           main] ion$DefaultTemplateResolverConfiguration : Cannot find template location: classpath:/templates/ (please add some templates, check your Thymeleaf configuration, or set spring.thymeleaf.check-template-location=false)
2024-11-10T10:13:48.162-05:00  INFO 2606 --- [ParallelPerformance] [           main] .p.P.ParallelPerformanceApplicationTests : Started ParallelPerformanceApplicationTests in 0.615 seconds (process running for 1.138)
]]></system-out>
    <system-err><![CDATA[WARNING: A Java agent has been loaded dynamically (/Users/survive/.m2/repository/net/bytebuddy/byte-buddy-agent/1.14.19/byte-buddy-agent-1.14.19.jar)
WARNING: If a serviceability tool is in use, please run with -XX:+EnableDynamicAgentLoading to hide this warning
WARNING: If a serviceability tool is not in use, please run with -Djdk.instrument.traceUsage for more information
WARNING: Dynamic loading of agents will be disallowed by default in a future release
]]></system-err>
  </testcase>
</testsuite>